checking  5   4   1  level  0
checking  4   4   1  level  0
checking  4   7   2  level  1
checking  3   4   1  level  0
checking  2   4   1  level  0
checking  1   4   1  level  0
checking  1   9   2  level  1
checking  0   4   1  level  0
checking  1   5   2  level  0
checking  1   6   2  level  0
checking  9   6   3  level  1
checking  1   7   2  level  0
checking  4   7   3  level  1
checking  4   4   3  level  2
checking  1   8   2  level  0
checking  7   8   3  level  1
checking  1   9   2  level  0
checking  2   8   3  level  0
checking  2   4   3  level  1
checking  3   8   3  level  0
checking  3   4   3  level  1
checking  3   2   0  level  2
checking  4   8   3  level  0
checking  4   7   0  level  1
checking  1   7   0  level  2
checking  5   8   3  level  0
checking  5   4   3  level  1
checking  6   8   3  level  0
checking  6   4   3  level  1
checking  6   1   0  level  2
checking  7   8   3  level  0
checking  6   7   0  level  0
checking  4   7   1  level  1
checking  4   8   1  level  2
checking  6   6   0  level  0
checking  1   6   0  level  1
checking  6   5   0  level  0
checking  1   5   0  level  1
checking  6   4   0  level  0
6   4  
checking  6   3   0  level  0
checking  6   2   0  level  0
checking  3   2   1  level  1
checking  3   4   1  level  2
checking  3   8   1  level  3
checking  6   1   0  level  0
checking  5   2   1  level  0
checking  5   4   1  level  1
checking  5   8   1  level  2
checking  4   2   1  level  0
checking  4   4   1  level  1
checking  4   7   2  level  2
checking  6   7   2  level  3
checking  3   2   1  level  0
checking  3   4   1  level  1
checking  3   8   1  level  2
checking  4   3   2  level  0
checking  6   3   2  level  1
checking  4   4   2  level  0
checking  5   4   2  level  1
checking  6   4   2  level  2
checking  4   5   2  level  0
checking  6   5   2  level  1
checking  4   6   2  level  0
checking  6   6   2  level  1
checking  9   6   3  level  2
checking  4   7   2  level  0
checking  6   7   2  level  1
checking  5   6   3  level  0
checking  5   4   3  level  1
checking  5   2   3  level  2
checking  6   6   3  level  0
6   6  
checking  7   6   3  level  0
checking  8   6   3  level  0
checking  8   0   0  level  1
checking  9   6   3  level  0
checking  8   5   0  level  0
checking  6   5   0  level  1
checking  4   5   0  level  2
checking  1   5   0  level  3
checking  8   4   0  level  0
checking  6   4   0  level  1
8   4  
checking  8   3   0  level  0
checking  6   3   0  level  1
checking  4   3   0  level  2
checking  8   2   0  level  0
8   2  
checking  8   1   0  level  0
checking  6   1   1  level  1
checking  6   2   1  level  2
checking  6   3   1  level  3
checking  6   4   1  level  4
checking  6   5   1  level  5
checking  6   6   1  level  6
checking  6   7   1  level  7
checking  6   8   1  level  8
checking  8   0   0  level  0
checking  7   1   1  level  0
checking  7   6   1  level  1
checking  7   8   2  level  2
checking  6   1   1  level  0
checking  6   2   1  level  1
checking  6   3   1  level  2
checking  6   4   1  level  3
checking  6   5   1  level  4
checking  6   6   1  level  5
checking  6   7   1  level  6
checking  6   8   1  level  7
checking  7   2   2  level  0
checking  8   2   2  level  1
checking  7   3   2  level  0
checking  8   3   2  level  1
checking  7   4   2  level  0
checking  8   4   2  level  1
checking  7   5   2  level  0
checking  8   5   2  level  1
checking  7   6   2  level  0
checking  8   6   2  level  1
checking  9   6   3  level  2
checking  7   7   2  level  0
checking  7   8   2  level  0
checking  8   7   3  level  0
8   7  
checking  9   7   3  level  0
checking  9   6   0  level  1
checking  8   6   0  level  2
checking  7   6   0  level  3
checking  6   6   0  level  4
checking  5   6   0  level  5
checking  4   6   0  level  6
checking  1   6   0  level  7
The result is : 5
